# JRE version: OpenJDK Runtime Environment (17.0.10+7) (build 17.0.10+7)
# Java VM: OpenJDK 64-Bit Server VM (17.0.10+7, mixed mode, sharing, tiered, compressed oops, compressed class ptrs, g1 gc, linux-amd64)
GC Precious Log:
 CPUs: 8 total, 8 available
 Memory: 15953M
 Large Page Support: Disabled
 NUMA Support: Disabled
 Compressed Oops: Enabled (Zero based)
 Heap Region Size: 4M
 Heap Min Capacity: 8M
 Heap Initial Capacity: 252M
 Heap Max Capacity: 6G
 Pre-touch: Disabled
 Parallel Workers: 8
 Concurrent Workers: 2
 Concurrent Refinement Workers: 8
 Periodic GC: Disabled
Heap:
 garbage-first heap   total 1048576K, used 877631K [0x0000000680000000, 0x0000000800000000)
  region size 4096K, 151 young (618496K), 11 survivors (45056K)
 Metaspace       used 128674K, committed 130304K, reserved 1179648K
  class space    used 22907K, committed 23616K, reserved 1048576K
GC Heap History (20 events):
Event: 6.596 GC heap before
{Heap before GC invocations=24 (full 0):
 garbage-first heap   total 724992K, used 620079K [0x0000000680000000, 0x0000000800000000)
  region size 4096K, 101 young (413696K), 9 survivors (36864K)
 Metaspace       used 38628K, committed 39872K, reserved 1114112K
  class space    used 4702K, committed 5248K, reserved 1048576K
}
Event: 6.609 GC heap after
{Heap after GC invocations=25 (full 0):
 garbage-first heap   total 872448K, used 250117K [0x0000000680000000, 0x0000000800000000)
  region size 4096K, 5 young (20480K), 5 survivors (20480K)
 Metaspace       used 38628K, committed 39872K, reserved 1114112K
  class space    used 4702K, committed 5248K, reserved 1048576K
}
Event: 7.095 GC heap before
{Heap before GC invocations=25 (full 0):
 garbage-first heap   total 872448K, used 737541K [0x0000000680000000, 0x0000000800000000)
  region size 4096K, 124 young (507904K), 5 survivors (20480K)
 Metaspace       used 40622K, committed 41856K, reserved 1114112K
  class space    used 4856K, committed 5376K, reserved 1048576K
}
Event: 7.108 GC heap after
{Heap after GC invocations=26 (full 0):
 garbage-first heap   total 872448K, used 255298K [0x0000000680000000, 0x0000000800000000)
  region size 4096K, 7 young (28672K), 7 survivors (28672K)
 Metaspace       used 40622K, committed 41856K, reserved 1114112K
  class space    used 4856K, committed 5376K, reserved 1048576K
}
Event: 7.533 GC heap before
{Heap before GC invocations=26 (full 0):
 garbage-first heap   total 872448K, used 738626K [0x0000000680000000, 0x0000000800000000)
  region size 4096K, 125 young (512000K), 7 survivors (28672K)
 Metaspace       used 43243K, committed 44480K, reserved 1114112K
  class space    used 5146K, committed 5696K, reserved 1048576K
}
Event: 7.543 GC heap after
{Heap after GC invocations=27 (full 0):
 garbage-first heap   total 872448K, used 261118K [0x0000000680000000, 0x0000000800000000)
  region size 4096K, 8 young (32768K), 8 survivors (32768K)
 Metaspace       used 43243K, committed 44480K, reserved 1114112K
  class space    used 5146K, committed 5696K, reserved 1048576K
}
Event: 8.017 GC heap before
{Heap before GC invocations=27 (full 0):
 garbage-first heap   total 872448K, used 740350K [0x0000000680000000, 0x0000000800000000)
  region size 4096K, 125 young (512000K), 8 survivors (32768K)
 Metaspace       used 47874K, committed 49152K, reserved 1114112K
  class space    used 6102K, committed 6656K, reserved 1048576K
}
Event: 8.029 GC heap after
{Heap after GC invocations=28 (full 0):
 garbage-first heap   total 872448K, used 263083K [0x0000000680000000, 0x0000000800000000)
  region size 4096K, 9 young (36864K), 9 survivors (36864K)
 Metaspace       used 47874K, committed 49152K, reserved 1114112K
  class space    used 6102K, committed 6656K, reserved 1048576K
}
Event: 8.052 GC heap before
{Heap before GC invocations=28 (full 0):
 garbage-first heap   total 872448K, used 279467K [0x0000000680000000, 0x0000000800000000)
  region size 4096K, 14 young (57344K), 9 survivors (36864K)
 Metaspace       used 48003K, committed 49216K, reserved 1114112K
  class space    used 6112K, committed 6656K, reserved 1048576K
}
Event: 8.061 GC heap after
{Heap after GC invocations=29 (full 0):
 garbage-first heap   total 1048576K, used 263890K [0x0000000680000000, 0x0000000800000000)
  region size 4096K, 9 young (36864K), 9 survivors (36864K)
 Metaspace       used 48003K, committed 49216K, reserved 1114112K
  class space    used 6112K, committed 6656K, reserved 1048576K
}
Event: 8.622 GC heap before
{Heap before GC invocations=30 (full 0):
 garbage-first heap   total 1048576K, used 853714K [0x0000000680000000, 0x0000000800000000)
  region size 4096K, 153 young (626688K), 9 survivors (36864K)
 Metaspace       used 51758K, committed 53120K, reserved 1114112K
  class space    used 6730K, committed 7360K, reserved 1048576K
}
Event: 8.637 GC heap after
{Heap after GC invocations=31 (full 0):
 garbage-first heap   total 1048576K, used 274693K [0x0000000680000000, 0x0000000800000000)
  region size 4096K, 11 young (45056K), 11 survivors (45056K)
 Metaspace       used 51758K, committed 53120K, reserved 1114112K
  class space    used 6730K, committed 7360K, reserved 1048576K
}
Event: 8.641 GC heap before
{Heap before GC invocations=31 (full 0):
 garbage-first heap   total 1048576K, used 278789K [0x0000000680000000, 0x0000000800000000)
  region size 4096K, 12 young (49152K), 11 survivors (45056K)
 Metaspace       used 51764K, committed 53120K, reserved 1114112K
  class space    used 6730K, committed 7360K, reserved 1048576K
}
Event: 8.656 GC heap after
{Heap after GC invocations=32 (full 0):
 garbage-first heap   total 1048576K, used 277904K [0x0000000680000000, 0x0000000800000000)
  region size 4096K, 2 young (8192K), 2 survivors (8192K)
 Metaspace       used 51764K, committed 53120K, reserved 1114112K
  class space    used 6730K, committed 7360K, reserved 1048576K
}
Event: 9.059 GC heap before
{Heap before GC invocations=32 (full 0):
 garbage-first heap   total 1048576K, used 892304K [0x0000000680000000, 0x0000000800000000)
  region size 4096K, 152 young (622592K), 2 survivors (8192K)
 Metaspace       used 57319K, committed 58688K, reserved 1114112K
  class space    used 7989K, committed 8640K, reserved 1048576K
}
Event: 9.063 GC heap after
{Heap after GC invocations=33 (full 0):
 garbage-first heap   total 1048576K, used 280275K [0x0000000680000000, 0x0000000800000000)
  region size 4096K, 3 young (12288K), 3 survivors (12288K)
 Metaspace       used 57319K, committed 58688K, reserved 1114112K
  class space    used 7989K, committed 8640K, reserved 1048576K
}
Event: 10.510 GC heap before
{Heap before GC invocations=34 (full 0):
 garbage-first heap   total 1048576K, used 894675K [0x0000000680000000, 0x0000000800000000)
  region size 4096K, 153 young (626688K), 3 survivors (12288K)
 Metaspace       used 82601K, committed 84160K, reserved 1179648K
  class space    used 12922K, committed 13632K, reserved 1048576K
}
Event: 10.522 GC heap after
{Heap after GC invocations=35 (full 0):
 garbage-first heap   total 1048576K, used 301302K [0x0000000680000000, 0x0000000800000000)
  region size 4096K, 8 young (32768K), 8 survivors (32768K)
 Metaspace       used 82601K, committed 84160K, reserved 1179648K
  class space    used 12922K, committed 13632K, reserved 1048576K
}
Event: 10.897 GC heap before
{Heap before GC invocations=35 (full 0):
 garbage-first heap   total 1048576K, used 747766K [0x0000000680000000, 0x0000000800000000)
  region size 4096K, 119 young (487424K), 8 survivors (32768K)
 Metaspace       used 98763K, committed 100288K, reserved 1179648K
  class space    used 15933K, committed 16640K, reserved 1048576K
}
Event: 10.911 GC heap after
{Heap after GC invocations=36 (full 0):
 garbage-first heap   total 1048576K, used 312383K [0x0000000680000000, 0x0000000800000000)
  region size 4096K, 11 young (45056K), 11 survivors (45056K)
 Metaspace       used 98763K, committed 100288K, reserved 1179648K
  class space    used 15933K, committed 16640K, reserved 1048576K
}

