# JRE version: OpenJDK Runtime Environment (17.0.10+7) (build 17.0.10+7)
# Java VM: OpenJDK 64-Bit Server VM (17.0.10+7, mixed mode, sharing, tiered, compressed oops, compressed class ptrs, g1 gc, linux-amd64)
GC Precious Log:
 CPUs: 8 total, 8 available
 Memory: 15953M
 Large Page Support: Disabled
 NUMA Support: Disabled
 Compressed Oops: Enabled (Zero based)
 Heap Region Size: 4M
 Heap Min Capacity: 8M
 Heap Initial Capacity: 252M
 Heap Max Capacity: 6G
 Pre-touch: Disabled
 Parallel Workers: 8
 Concurrent Workers: 2
 Concurrent Refinement Workers: 8
 Periodic GC: Disabled
Heap:
 garbage-first heap   total 1093632K, used 921399K [0x0000000680000000, 0x0000000800000000)
  region size 4096K, 148 young (606208K), 14 survivors (57344K)
 Metaspace       used 177787K, committed 179584K, reserved 1245184K
  class space    used 33121K, committed 33920K, reserved 1048576K
GC Heap History (20 events):
Event: 8.066 GC heap before
{Heap before GC invocations=29 (full 0):
 garbage-first heap   total 913408K, used 773775K [0x0000000680000000, 0x0000000800000000)
  region size 4096K, 133 young (544768K), 7 survivors (28672K)
 Metaspace       used 44330K, committed 45632K, reserved 1114112K
  class space    used 5364K, committed 5952K, reserved 1048576K
}
Event: 8.077 GC heap after
{Heap after GC invocations=30 (full 0):
 garbage-first heap   total 913408K, used 261251K [0x0000000680000000, 0x0000000800000000)
  region size 4096K, 8 young (32768K), 8 survivors (32768K)
 Metaspace       used 44330K, committed 45632K, reserved 1114112K
  class space    used 5364K, committed 5952K, reserved 1048576K
}
Event: 8.248 GC heap before
{Heap before GC invocations=30 (full 0):
 garbage-first heap   total 913408K, used 498819K [0x0000000680000000, 0x0000000800000000)
  region size 4096K, 67 young (274432K), 8 survivors (32768K)
 Metaspace       used 47239K, committed 48448K, reserved 1114112K
  class space    used 6002K, committed 6528K, reserved 1048576K
}
Event: 8.260 GC heap after
{Heap after GC invocations=31 (full 0):
 garbage-first heap   total 913408K, used 265666K [0x0000000680000000, 0x0000000800000000)
  region size 4096K, 9 young (36864K), 9 survivors (36864K)
 Metaspace       used 47239K, committed 48448K, reserved 1114112K
  class space    used 6002K, committed 6528K, reserved 1048576K
}
Event: 8.673 GC heap before
{Heap before GC invocations=32 (full 0):
 garbage-first heap   total 913408K, used 773570K [0x0000000680000000, 0x0000000800000000)
  region size 4096K, 133 young (544768K), 9 survivors (36864K)
 Metaspace       used 50541K, committed 51904K, reserved 1114112K
  class space    used 6504K, committed 7168K, reserved 1048576K
}
Event: 8.688 GC heap after
{Heap after GC invocations=33 (full 0):
 garbage-first heap   total 913408K, used 274215K [0x0000000680000000, 0x0000000800000000)
  region size 4096K, 11 young (45056K), 11 survivors (45056K)
 Metaspace       used 50541K, committed 51904K, reserved 1114112K
  class space    used 6504K, committed 7168K, reserved 1048576K
}
Event: 8.693 GC heap before
{Heap before GC invocations=33 (full 0):
 garbage-first heap   total 913408K, used 278311K [0x0000000680000000, 0x0000000800000000)
  region size 4096K, 12 young (49152K), 11 survivors (45056K)
 Metaspace       used 50575K, committed 51968K, reserved 1114112K
  class space    used 6506K, committed 7168K, reserved 1048576K
}
Event: 8.710 GC heap after
{Heap after GC invocations=34 (full 0):
 garbage-first heap   total 913408K, used 274249K [0x0000000680000000, 0x0000000800000000)
  region size 4096K, 2 young (8192K), 2 survivors (8192K)
 Metaspace       used 50575K, committed 51968K, reserved 1114112K
  class space    used 6506K, committed 7168K, reserved 1048576K
}
Event: 9.680 GC heap before
{Heap before GC invocations=34 (full 0):
 garbage-first heap   total 913408K, used 786249K [0x0000000680000000, 0x0000000800000000)
  region size 4096K, 127 young (520192K), 2 survivors (8192K)
 Metaspace       used 61082K, committed 62528K, reserved 1114112K
  class space    used 8676K, committed 9344K, reserved 1048576K
}
Event: 9.689 GC heap after
{Heap after GC invocations=35 (full 0):
 garbage-first heap   total 2334720K, used 281025K [0x0000000680000000, 0x0000000800000000)
  region size 4096K, 4 young (16384K), 4 survivors (16384K)
 Metaspace       used 61082K, committed 62528K, reserved 1114112K
  class space    used 8676K, committed 9344K, reserved 1048576K
}
Event: 10.950 GC heap before
{Heap before GC invocations=36 (full 0):
 garbage-first heap   total 1093632K, used 920001K [0x0000000680000000, 0x0000000800000000)
  region size 4096K, 160 young (655360K), 4 survivors (16384K)
 Metaspace       used 89886K, committed 91392K, reserved 1179648K
  class space    used 14222K, committed 14912K, reserved 1048576K
}
Event: 10.966 GC heap after
{Heap after GC invocations=37 (full 0):
 garbage-first heap   total 1093632K, used 303386K [0x0000000680000000, 0x0000000800000000)
  region size 4096K, 9 young (36864K), 9 survivors (36864K)
 Metaspace       used 89886K, committed 91392K, reserved 1179648K
  class space    used 14222K, committed 14912K, reserved 1048576K
}
Event: 10.981 GC heap before
{Heap before GC invocations=37 (full 0):
 garbage-first heap   total 1093632K, used 319770K [0x0000000680000000, 0x0000000800000000)
  region size 4096K, 13 young (53248K), 9 survivors (36864K)
 Metaspace       used 90778K, committed 92288K, reserved 1179648K
  class space    used 14397K, committed 15040K, reserved 1048576K
}
Event: 10.995 GC heap after
{Heap after GC invocations=38 (full 0):
 garbage-first heap   total 1093632K, used 307667K [0x0000000680000000, 0x0000000800000000)
  region size 4096K, 2 young (8192K), 2 survivors (8192K)
 Metaspace       used 90778K, committed 92288K, reserved 1179648K
  class space    used 14397K, committed 15040K, reserved 1048576K
}
Event: 11.388 GC heap before
{Heap before GC invocations=38 (full 0):
 garbage-first heap   total 1093632K, used 790995K [0x0000000680000000, 0x0000000800000000)
  region size 4096K, 121 young (495616K), 2 survivors (8192K)
 Metaspace       used 105922K, committed 107456K, reserved 1179648K
  class space    used 17355K, committed 18048K, reserved 1048576K
}
Event: 11.397 GC heap after
{Heap after GC invocations=39 (full 0):
 garbage-first heap   total 1093632K, used 316081K [0x0000000680000000, 0x0000000800000000)
  region size 4096K, 4 young (16384K), 4 survivors (16384K)
 Metaspace       used 105922K, committed 107456K, reserved 1179648K
  class space    used 17355K, committed 18048K, reserved 1048576K
}
Event: 12.201 GC heap before
{Heap before GC invocations=40 (full 0):
 garbage-first heap   total 1093632K, used 918193K [0x0000000680000000, 0x0000000800000000)
  region size 4096K, 152 young (622592K), 4 survivors (16384K)
 Metaspace       used 142148K, committed 143808K, reserved 1179648K
  class space    used 25766K, committed 26496K, reserved 1048576K
}
Event: 12.219 GC heap after
{Heap after GC invocations=41 (full 0):
 garbage-first heap   total 1093632K, used 338995K [0x0000000680000000, 0x0000000800000000)
  region size 4096K, 9 young (36864K), 9 survivors (36864K)
 Metaspace       used 142148K, committed 143808K, reserved 1179648K
  class space    used 25766K, committed 26496K, reserved 1048576K
}
Event: 12.892 GC heap before
{Heap before GC invocations=42 (full 0):
 garbage-first heap   total 1093632K, used 924723K [0x0000000680000000, 0x0000000800000000)
  region size 4096K, 151 young (618496K), 9 survivors (36864K)
 Metaspace       used 162699K, committed 164544K, reserved 1245184K
  class space    used 29822K, committed 30656K, reserved 1048576K
}
Event: 12.914 GC heap after
{Heap after GC invocations=43 (full 0):
 garbage-first heap   total 1093632K, used 360247K [0x0000000680000000, 0x0000000800000000)
  region size 4096K, 14 young (57344K), 14 survivors (57344K)
 Metaspace       used 162699K, committed 164544K, reserved 1245184K
  class space    used 29822K, committed 30656K, reserved 1048576K
}

